Start run at vie sep 2 14:31:35 ART 2022
PYTHON_CS_XFLAGS=' -O0 -g3 -ggdb3 -I/usr/include/jsoncpp ' /share/storage/pub/mstorti/saturne-vof/bin/code_saturne  run --param setup.xml

The following have been reloaded with a version change:
  1) llvm/6.0.0 => llvm/3.4.2


The following have been reloaded with a version change:
  1) llvm/3.4.2 => llvm/6.0.0


                      Code_Saturne
                      ************

 Version:   6.1-alpha
 Path:      /share/storage/pub/mstorti/saturne-vof

 Result directory:
   /share/storage/finzeo/GTS_Tunay_2/RESU/20220902-1431


 ****************************************
  Compiling user subroutines and linking
 ****************************************


 ****************************
  Preparing calculation data
 ****************************

 Restart from RESU/20220901-1328/checkpoint

 Parallel Code_Saturne on 100 processes.


 ***************************
  Preprocessing calculation
 ***************************


 **********************
  Starting calculation
 **********************

Warning: Process to core binding is enabled and OMP_NUM_THREADS is set to non-zero (1) value
If your program has OpenMP sections, this can cause over-subscription of cores and consequently poor performance
To avoid this, please re-run your application after setting MV2_ENABLE_AFFINITY=0
Use MV2_USE_THREAD_WARNING=0 to suppress this message

===================================================================================
=   BAD TERMINATION OF ONE OF YOUR APPLICATION PROCESSES
=   PID 22209 RUNNING AT compute-0-15
=   EXIT CODE: 1
=   CLEANING UP REMAINING PROCESSES
=   YOU CAN IGNORE THE BELOW CLEANUP MESSAGES
===================================================================================
[proxy:0:3@compute-0-26.local] HYD_pmcd_pmip_control_cmd_cb (pm/pmiserv/pmip_cb.c:909): assert (!closed) failed
[proxy:0:3@compute-0-26.local] HYDT_dmxu_poll_wait_for_event (tools/demux/demux_poll.c:76): callback returned error status
[proxy:0:3@compute-0-26.local] main (pm/pmiserv/pmip.c:206): demux engine error waiting for event
[proxy:0:2@compute-0-25.local] HYD_pmcd_pmip_control_cmd_cb (pm/pmiserv/pmip_cb.c:909): assert (!closed) failed
[proxy:0:2@compute-0-25.local] HYDT_dmxu_poll_wait_for_event (tools/demux/demux_poll.c:76): callback returned error status
[proxy:0:2@compute-0-25.local] main (pm/pmiserv/pmip.c:206): demux engine error waiting for event
[proxy:0:1@compute-0-21.local] HYD_pmcd_pmip_control_cmd_cb (pm/pmiserv/pmip_cb.c:909): assert (!closed) failed
[proxy:0:1@compute-0-21.local] HYDT_dmxu_poll_wait_for_event (tools/demux/demux_poll.c:76): callback returned error status
[proxy:0:1@compute-0-21.local] main (pm/pmiserv/pmip.c:206): demux engine error waiting for event
[proxy:0:4@compute-0-28.local] HYD_pmcd_pmip_control_cmd_cb (pm/pmiserv/pmip_cb.c:909): assert (!closed) failed
[proxy:0:4@compute-0-28.local] HYDT_dmxu_poll_wait_for_event (tools/demux/demux_poll.c:76): callback returned error status
[proxy:0:4@compute-0-28.local] main (pm/pmiserv/pmip.c:206): demux engine error waiting for event
srun: error: compute-0-21: task 1: Exited with exit code 7
srun: error: compute-0-26: task 3: Exited with exit code 7
srun: error: compute-0-25: task 2: Exited with exit code 7
srun: error: compute-0-28: task 4: Exited with exit code 7
[mpiexec@compute-0-15.local] HYDT_bscu_wait_for_completion (tools/bootstrap/utils/bscu_wait.c:76): one of the processes terminated badly; aborting
[mpiexec@compute-0-15.local] HYDT_bsci_wait_for_completion (tools/bootstrap/src/bsci_wait.c:23): launcher returned error waiting for completion
[mpiexec@compute-0-15.local] HYD_pmci_wait_for_completion (pm/pmiserv/pmiserv_pmci.c:218): launcher returned error waiting for completion
[mpiexec@compute-0-15.local] main (ui/mpich/mpiexec.c:344): process manager error waiting for completion
 solver script exited with status 255.

Error running the calculation.

Check Code_Saturne log (listing) and error* files for details.


 *****************************
  Post-calculation operations
 *****************************

 Error in calculation stage.

make: *** [run] Error 1
